Flutter crash report.
Please report a bug at https://github.com/flutter/flutter/issues.

## command

flutter pub get --no-example

## exception

FileSystemException: FileSystemException: Deletion failed, path = '/Users/fatma/flutter projects/frc_app/macos/Flutter/ephemeral/Packages/.packages' (OS Error: Directory not empty, errno = 66)

```
#0      _Directory._deleteSync (dart:io/directory_impl.dart:216:7)
#1      FileSystemEntity.deleteSync (dart:io/file_system_entity.dart:425:7)
#2      ForwardingFileSystemEntity.deleteSync (package:file/src/forwarding/forwarding_file_system_entity.dart:70:16)
#3      ErrorHandlingDirectory.deleteSync.<anonymous closure> (package:flutter_tools/src/base/error_handling_io.dart:451:22)
#4      _runSync (package:flutter_tools/src/base/error_handling_io.dart:552:14)
#5      ErrorHandlingDirectory.deleteSync (package:flutter_tools/src/base/error_handling_io.dart:450:12)
#6      ErrorHandlingFileSystem.deleteIfExists (package:flutter_tools/src/base/error_handling_io.dart:90:14)
#7      SwiftPackageManager.generatePluginsSwiftPackage (package:flutter_tools/src/macos/swift_package_manager.dart:66:29)
#8      DarwinDependencyManagement.setUp (package:flutter_tools/src/macos/darwin_dependency_management.dart:63:34)
#9      injectPlugins (package:flutter_tools/src/flutter_plugins.dart:1379:42)
<asynchronous suspension>
#10     FlutterProject.ensureReadyForPlatformSpecificTooling (package:flutter_tools/src/project.dart:420:5)
<asynchronous suspension>
#11     PackagesGetCommand.runCommand (package:flutter_tools/src/commands/packages.dart:395:9)
<asynchronous suspension>
#12     FlutterCommand.run.<anonymous closure> (package:flutter_tools/src/runner/flutter_command.dart:1630:27)
<asynchronous suspension>
#13     AppContext.run.<anonymous closure> (package:flutter_tools/src/base/context.dart:154:19)
<asynchronous suspension>
#14     CommandRunner.runCommand (package:args/command_runner.dart:212:13)
<asynchronous suspension>
#15     FlutterCommandRunner.runCommand.<anonymous closure> (package:flutter_tools/src/runner/flutter_command_runner.dart:496:9)
<asynchronous suspension>
#16     AppContext.run.<anonymous closure> (package:flutter_tools/src/base/context.dart:154:19)
<asynchronous suspension>
#17     FlutterCommandRunner.runCommand (package:flutter_tools/src/runner/flutter_command_runner.dart:431:5)
<asynchronous suspension>
#18     FlutterCommandRunner.run.<anonymous closure> (package:flutter_tools/src/runner/flutter_command_runner.dart:307:33)
<asynchronous suspension>
#19     run.<anonymous closure>.<anonymous closure> (package:flutter_tools/runner.dart:104:11)
<asynchronous suspension>
#20     AppContext.run.<anonymous closure> (package:flutter_tools/src/base/context.dart:154:19)
<asynchronous suspension>
#21     main (package:flutter_tools/executable.dart:103:3)
<asynchronous suspension>
```

## flutter doctor

```
[✓] Flutter (Channel stable, 3.44.2, on macOS 26.5.1 25F80 darwin-arm64, locale en-GB) [185ms]
    • Flutter version 3.44.2 on channel stable at /Users/fatma/development/flutter
    • Upstream repository https://github.com/flutter/flutter.git
    • Framework revision c9a6c48423 (2 weeks ago), 2026-06-10 15:52:41 -0700
    • Engine revision 77e2e94772
    • Dart version 3.12.2
    • DevTools version 2.57.0
    • Feature flags: enable-web, enable-linux-desktop, enable-macos-desktop, enable-windows-desktop, enable-android, enable-ios, cli-animations, enable-native-assets, enable-swift-package-manager, omit-legacy-version-file, enable-lldb-debugging, enable-uiscene-migration

[✓] Android toolchain - develop for Android devices (Android SDK version 36.1.0) [4.4s]
    • Android SDK at /Users/fatma/Library/Android/sdk
    • Emulator version 36.6.11.0 (build_id 15507667) (CL:N/A)
    • Platform android-36.1, build-tools 36.1.0
    • ANDROID_HOME = /Users/fatma/Library/Android/sdk
    • Java binary at: /Applications/Android Studio.app/Contents/jbr/Contents/Home/bin/java
      This is the JDK bundled with the latest Android Studio installation on this machine.
      To manually set the JDK path, use: `flutter config --jdk-dir="path/to/jdk"`.
    • Java version OpenJDK Runtime Environment (build 21.0.10+-117844308-b1163.108)
    • All Android licenses accepted.

[✓] Xcode - develop for iOS and macOS (Xcode 26.5) [754ms]
    • Xcode at /Applications/Xcode.app/Contents/Developer
    • Build 17F42
    • CocoaPods version 1.16.2

[✓] Chrome - develop for the web [4ms]
    • Chrome at /Applications/Google Chrome.app/Contents/MacOS/Google Chrome

[✓] Connected device (3 available) [5.8s]
    • iPhone 16 Pro (mobile) • 80DD4767-5C52-4A3C-A414-DCE97EE04F78 • ios            • com.apple.CoreSimulator.SimRuntime.iOS-18-6 (simulator)
    • macOS (desktop)        • macos                                • darwin-arm64   • macOS 26.5.1 25F80 darwin-arm64
    • Chrome (web)           • chrome                               • web-javascript • Google Chrome 142.0.7444.60

[✓] Network resources [590ms]
    • All expected network resources are available.

• No issues found!
```
